app/build/intermediates/manifest_merge_blame_file/debug/manifest-merger-blame-debug-report.txt
1<?xml version="1.0" encoding="utf-8"?>
2<manifest xmlns:android="http://schemas.android.com/apk/res/android"
3    package="com.isyarat.pintar"
4    android:versionCode="1"
5    android:versionName="1.0" >
6
7    <uses-sdk
8        android:minSdkVersion="21"
9        android:targetSdkVersion="33" />
10
11    <uses-feature android:name="android.hardware.camera" />
11-->src\main\AndroidManifest.xml:4:5-60
11-->src\main\AndroidManifest.xml:4:19-57
12
13    <uses-permission android:name="android.permission.CAMERA" />
13-->src\main\AndroidManifest.xml:5:5-65
13-->src\main\AndroidManifest.xml:5:22-62
14
15    <permission
15-->[androidx.core:core:1.9.0] AndroidManifest.xml:22:5-24:47
16        android:name="com.isyarat.pintar.DYNAMIC_RECEIVER_NOT_EXPORTED_PERMISSION"
16-->[androidx.core:core:1.9.0] AndroidManifest.xml:23:9-81
17        android:protectionLevel="signature" />
17-->[androidx.core:core:1.9.0] AndroidManifest.xml:24:9-44
18
19    <uses-permission android:name="com.isyarat.pintar.DYNAMIC_RECEIVER_NOT_EXPORTED_PERMISSION" /> <!-- Although the *SdkVersion is captured in gradle build files, this is required for non gradle builds -->
19-->[androidx.core:core:1.9.0] AndroidManifest.xml:26:5-97
19-->[androidx.core:core:1.9.0] AndroidManifest.xml:26:22-94
20    <!-- <uses-sdk android:minSdkVersion="14"/> -->
21    <uses-permission android:name="android.permission.ACCESS_NETWORK_STATE" />
21-->[com.google.android.datatransport:transport-backend-cct:2.3.3] AndroidManifest.xml:25:5-79
21-->[com.google.android.datatransport:transport-backend-cct:2.3.3] AndroidManifest.xml:25:22-76
22    <uses-permission android:name="android.permission.INTERNET" />
22-->[com.google.android.datatransport:transport-backend-cct:2.3.3] AndroidManifest.xml:26:5-67
22-->[com.google.android.datatransport:transport-backend-cct:2.3.3] AndroidManifest.xml:26:22-64
23
24    <application
24-->src\main\AndroidManifest.xml:7:5-23:19
25        android:allowBackup="true"
25-->src\main\AndroidManifest.xml:8:9-35
26        android:appComponentFactory="androidx.core.app.CoreComponentFactory"
26-->[androidx.core:core:1.9.0] AndroidManifest.xml:28:18-86
27        android:debuggable="true"
28        android:extractNativeLibs="true"
29        android:icon="@drawable/icon_app"
29-->src\main\AndroidManifest.xml:9:9-42
30        android:label="@string/app_name"
30-->src\main\AndroidManifest.xml:11:9-41
31        android:roundIcon="@drawable/icon_app"
31-->src\main\AndroidManifest.xml:10:9-47
32        android:supportsRtl="true"
32-->src\main\AndroidManifest.xml:12:9-35
33        android:testOnly="true"
34        android:theme="@style/Theme.IsyaratPintar" >
34-->src\main\AndroidManifest.xml:13:9-51
35        <activity
35-->src\main\AndroidManifest.xml:14:9-22:20
36            android:name="com.isyarat.pintar.MainActivity"
36-->src\main\AndroidManifest.xml:15:13-41
37            android:exported="true"
37-->src\main\AndroidManifest.xml:16:13-36
38            android:theme="@style/Theme.IsyaratPintar" >
38-->src\main\AndroidManifest.xml:17:13-55
39            <intent-filter>
39-->src\main\AndroidManifest.xml:18:13-21:29
40                <action android:name="android.intent.action.MAIN" />
40-->src\main\AndroidManifest.xml:19:17-69
40-->src\main\AndroidManifest.xml:19:25-66
41
42                <category android:name="android.intent.category.LAUNCHER" />
42-->src\main\AndroidManifest.xml:20:17-77
42-->src\main\AndroidManifest.xml:20:27-74
43            </intent-filter>
44        </activity>
45        <activity
45-->[androidx.compose.ui:ui-test-manifest:1.4.0] AndroidManifest.xml:23:9-25:39
46            android:name="androidx.activity.ComponentActivity"
46-->[androidx.compose.ui:ui-test-manifest:1.4.0] AndroidManifest.xml:24:13-63
47            android:exported="true" />
47-->[androidx.compose.ui:ui-test-manifest:1.4.0] AndroidManifest.xml:25:13-36
48
49        <service
49-->[com.google.android.gms:play-services-mlkit-text-recognition-common:19.0.0] AndroidManifest.xml:9:9-15:19
50            android:name="com.google.mlkit.common.internal.MlKitComponentDiscoveryService"
50-->[com.google.android.gms:play-services-mlkit-text-recognition-common:19.0.0] AndroidManifest.xml:10:13-91
51            android:directBootAware="true"
51-->[com.google.mlkit:common:18.8.0] AndroidManifest.xml:17:13-43
52            android:exported="false" >
52-->[com.google.android.gms:play-services-mlkit-text-recognition-common:19.0.0] AndroidManifest.xml:11:13-37
53            <meta-data
53-->[com.google.android.gms:play-services-mlkit-text-recognition-common:19.0.0] AndroidManifest.xml:12:13-14:85
54                android:name="com.google.firebase.components:com.google.mlkit.vision.text.internal.TextRegistrar"
54-->[com.google.android.gms:play-services-mlkit-text-recognition-common:19.0.0] AndroidManifest.xml:13:17-114
55                android:value="com.google.firebase.components.ComponentRegistrar" />
55-->[com.google.android.gms:play-services-mlkit-text-recognition-common:19.0.0] AndroidManifest.xml:14:17-82
56            <meta-data
56-->[com.google.mlkit:vision-common:17.3.0] AndroidManifest.xml:12:13-14:85
57                android:name="com.google.firebase.components:com.google.mlkit.vision.common.internal.VisionCommonRegistrar"
57-->[com.google.mlkit:vision-common:17.3.0] AndroidManifest.xml:13:17-124
58                android:value="com.google.firebase.components.ComponentRegistrar" />
58-->[com.google.mlkit:vision-common:17.3.0] AndroidManifest.xml:14:17-82
59            <meta-data
59-->[com.google.mlkit:common:18.8.0] AndroidManifest.xml:20:13-22:85
60                android:name="com.google.firebase.components:com.google.mlkit.common.internal.CommonComponentRegistrar"
60-->[com.google.mlkit:common:18.8.0] AndroidManifest.xml:21:17-120
61                android:value="com.google.firebase.components.ComponentRegistrar" />
61-->[com.google.mlkit:common:18.8.0] AndroidManifest.xml:22:17-82
62        </service>
63
64        <provider
64-->[com.google.mlkit:common:18.8.0] AndroidManifest.xml:9:9-13:38
65            android:name="com.google.mlkit.common.internal.MlKitInitProvider"
65-->[com.google.mlkit:common:18.8.0] AndroidManifest.xml:10:13-78
66            android:authorities="com.isyarat.pintar.mlkitinitprovider"
66-->[com.google.mlkit:common:18.8.0] AndroidManifest.xml:11:13-69
67            android:exported="false"
67-->[com.google.mlkit:common:18.8.0] AndroidManifest.xml:12:13-37
68            android:initOrder="99" />
68-->[com.google.mlkit:common:18.8.0] AndroidManifest.xml:13:13-35
69
70        <activity
70-->[com.google.android.gms:play-services-base:18.1.0] AndroidManifest.xml:20:9-22:45
71            android:name="com.google.android.gms.common.api.GoogleApiActivity"
71-->[com.google.android.gms:play-services-base:18.1.0] AndroidManifest.xml:20:19-85
72            android:exported="false"
72-->[com.google.android.gms:play-services-base:18.1.0] AndroidManifest.xml:22:19-43
73            android:theme="@android:style/Theme.Translucent.NoTitleBar" />
73-->[com.google.android.gms:play-services-base:18.1.0] AndroidManifest.xml:21:19-78
74
75        <meta-data
75-->[com.google.android.gms:play-services-basement:18.1.0] AndroidManifest.xml:21:9-23:69
76            android:name="com.google.android.gms.version"
76-->[com.google.android.gms:play-services-basement:18.1.0] AndroidManifest.xml:22:13-58
77            android:value="@integer/google_play_services_version" />
77-->[com.google.android.gms:play-services-basement:18.1.0] AndroidManifest.xml:23:13-66
78
79        <service
79-->[androidx.camera:camera-camera2:1.2.2] AndroidManifest.xml:24:9-33:19
80            android:name="androidx.camera.core.impl.MetadataHolderService"
80-->[androidx.camera:camera-camera2:1.2.2] AndroidManifest.xml:25:13-75
81            android:enabled="false"
81-->[androidx.camera:camera-camera2:1.2.2] AndroidManifest.xml:26:13-36
82            android:exported="false" >
82-->[androidx.camera:camera-camera2:1.2.2] AndroidManifest.xml:27:13-37
83            <meta-data
83-->[androidx.camera:camera-camera2:1.2.2] AndroidManifest.xml:30:13-32:89
84                android:name="androidx.camera.core.impl.MetadataHolderService.DEFAULT_CONFIG_PROVIDER"
84-->[androidx.camera:camera-camera2:1.2.2] AndroidManifest.xml:31:17-103
85                android:value="androidx.camera.camera2.Camera2Config$DefaultProvider" />
85-->[androidx.camera:camera-camera2:1.2.2] AndroidManifest.xml:32:17-86
86        </service>
87
88        <provider
88-->[androidx.emoji2:emoji2:1.3.0] AndroidManifest.xml:24:9-32:20
89            android:name="androidx.startup.InitializationProvider"
89-->[androidx.emoji2:emoji2:1.3.0] AndroidManifest.xml:25:13-67
90            android:authorities="com.isyarat.pintar.androidx-startup"
90-->[androidx.emoji2:emoji2:1.3.0] AndroidManifest.xml:26:13-68
91            android:exported="false" >
91-->[androidx.emoji2:emoji2:1.3.0] AndroidManifest.xml:27:13-37
92            <meta-data
92-->[androidx.emoji2:emoji2:1.3.0] AndroidManifest.xml:29:13-31:52
93                android:name="androidx.emoji2.text.EmojiCompatInitializer"
93-->[androidx.emoji2:emoji2:1.3.0] AndroidManifest.xml:30:17-75
94                android:value="androidx.startup" />
94-->[androidx.emoji2:emoji2:1.3.0] AndroidManifest.xml:31:17-49
95            <meta-data
95-->[androidx.lifecycle:lifecycle-process:2.6.1] AndroidManifest.xml:29:13-31:52
96                android:name="androidx.lifecycle.ProcessLifecycleInitializer"
96-->[androidx.lifecycle:lifecycle-process:2.6.1] AndroidManifest.xml:30:17-78
97                android:value="androidx.startup" />
97-->[androidx.lifecycle:lifecycle-process:2.6.1] AndroidManifest.xml:31:17-49
98            <meta-data
98-->[androidx.profileinstaller:profileinstaller:1.3.0] AndroidManifest.xml:29:13-31:52
99                android:name="androidx.profileinstaller.ProfileInstallerInitializer"
99-->[androidx.profileinstaller:profileinstaller:1.3.0] AndroidManifest.xml:30:17-85
100                android:value="androidx.startup" />
100-->[androidx.profileinstaller:profileinstaller:1.3.0] AndroidManifest.xml:31:17-49
101        </provider>
102
103        <activity
103-->[androidx.compose.ui:ui-tooling:1.4.0] AndroidManifest.xml:23:9-25:39
104            android:name="androidx.compose.ui.tooling.PreviewActivity"
104-->[androidx.compose.ui:ui-tooling:1.4.0] AndroidManifest.xml:24:13-71
105            android:exported="true" />
105-->[androidx.compose.ui:ui-tooling:1.4.0] AndroidManifest.xml:25:13-36
106
107        <receiver
107-->[androidx.profileinstaller:profileinstaller:1.3.0] AndroidManifest.xml:34:9-52:20
108            android:name="androidx.profileinstaller.ProfileInstallReceiver"
108-->[androidx.profileinstaller:profileinstaller:1.3.0] AndroidManifest.xml:35:13-76
109            android:directBootAware="false"
109-->[androidx.profileinstaller:profileinstaller:1.3.0] AndroidManifest.xml:36:13-44
110            android:enabled="true"
110-->[androidx.profileinstaller:profileinstaller:1.3.0] AndroidManifest.xml:37:13-35
111            android:exported="true"
111-->[androidx.profileinstaller:profileinstaller:1.3.0] AndroidManifest.xml:38:13-36
112            android:permission="android.permission.DUMP" >
112-->[androidx.profileinstaller:profileinstaller:1.3.0] AndroidManifest.xml:39:13-57
113            <intent-filter>
113-->[androidx.profileinstaller:profileinstaller:1.3.0] AndroidManifest.xml:40:13-42:29
114                <action android:name="androidx.profileinstaller.action.INSTALL_PROFILE" />
114-->[androidx.profileinstaller:profileinstaller:1.3.0] AndroidManifest.xml:41:17-91
114-->[androidx.profileinstaller:profileinstaller:1.3.0] AndroidManifest.xml:41:25-88
115            </intent-filter>
116            <intent-filter>
116-->[androidx.profileinstaller:profileinstaller:1.3.0] AndroidManifest.xml:43:13-45:29
117                <action android:name="androidx.profileinstaller.action.SKIP_FILE" />
117-->[androidx.profileinstaller:profileinstaller:1.3.0] AndroidManifest.xml:44:17-85
117-->[androidx.profileinstaller:profileinstaller:1.3.0] AndroidManifest.xml:44:25-82
118            </intent-filter>
119            <intent-filter>
119-->[androidx.profileinstaller:profileinstaller:1.3.0] AndroidManifest.xml:46:13-48:29
120                <action android:name="androidx.profileinstaller.action.SAVE_PROFILE" />
120-->[androidx.profileinstaller:profileinstaller:1.3.0] AndroidManifest.xml:47:17-88
120-->[androidx.profileinstaller:profileinstaller:1.3.0] AndroidManifest.xml:47:25-85
121            </intent-filter>
122            <intent-filter>
122-->[androidx.profileinstaller:profileinstaller:1.3.0] AndroidManifest.xml:49:13-51:29
123                <action android:name="androidx.profileinstaller.action.BENCHMARK_OPERATION" />
123-->[androidx.profileinstaller:profileinstaller:1.3.0] AndroidManifest.xml:50:17-95
123-->[androidx.profileinstaller:profileinstaller:1.3.0] AndroidManifest.xml:50:25-92
124            </intent-filter>
125        </receiver>
126
127        <service
127-->[com.google.android.datatransport:transport-backend-cct:2.3.3] AndroidManifest.xml:29:9-35:19
128            android:name="com.google.android.datatransport.runtime.backends.TransportBackendDiscovery"
128-->[com.google.android.datatransport:transport-backend-cct:2.3.3] AndroidManifest.xml:30:13-103
129            android:exported="false" >
129-->[com.google.android.datatransport:transport-backend-cct:2.3.3] AndroidManifest.xml:31:13-37
130            <meta-data
130-->[com.google.android.datatransport:transport-backend-cct:2.3.3] AndroidManifest.xml:32:13-34:39
131                android:name="backend:com.google.android.datatransport.cct.CctBackendFactory"
131-->[com.google.android.datatransport:transport-backend-cct:2.3.3] AndroidManifest.xml:33:17-94
132                android:value="cct" />
132-->[com.google.android.datatransport:transport-backend-cct:2.3.3] AndroidManifest.xml:34:17-36
133        </service>
134        <service
134-->[com.google.android.datatransport:transport-runtime:2.2.6] AndroidManifest.xml:26:9-30:19
135            android:name="com.google.android.datatransport.runtime.scheduling.jobscheduling.JobInfoSchedulerService"
135-->[com.google.android.datatransport:transport-runtime:2.2.6] AndroidManifest.xml:27:13-117
136            android:exported="false"
136-->[com.google.android.datatransport:transport-runtime:2.2.6] AndroidManifest.xml:28:13-37
137            android:permission="android.permission.BIND_JOB_SERVICE" >
137-->[com.google.android.datatransport:transport-runtime:2.2.6] AndroidManifest.xml:29:13-69
138        </service>
139
140        <receiver
140-->[com.google.android.datatransport:transport-runtime:2.2.6] AndroidManifest.xml:32:9-34:40
141            android:name="com.google.android.datatransport.runtime.scheduling.jobscheduling.AlarmManagerSchedulerBroadcastReceiver"
141-->[com.google.android.datatransport:transport-runtime:2.2.6] AndroidManifest.xml:33:13-132
142            android:exported="false" />
142-->[com.google.android.datatransport:transport-runtime:2.2.6] AndroidManifest.xml:34:13-37
143    </application>
144
145</manifest>